$$$$$$$$$$$$$$$$$$$$$$$$$$$$$$$$$$$$$  QUERY NUMBER 1 $$$$$$$$$$$$$$$$$$$$$$$$$$$$$$$$$$$$$



R NNs: 
Table 0:
--120
Table 1:
Table 2:
Table 3:
Table 4:
------->  LSH NN :  120
------->  The lsh nearest neighbour for 1110101110010110100100010110000010010101000011011101100010010011 is within distance  : 21
------->  Time taken LSH: 0.078125

------->  Real NN :  120
------->  The real nearest neighbour for 1110101110010110100100010110000010010101000011011101100010010011 is within distance  : 21
------->  Time taken brute force: 0.09375

$$$$$$$$$$$$$$$$$$$$$$$$$$$$$$$$$$$$$  QUERY NUMBER 2 $$$$$$$$$$$$$$$$$$$$$$$$$$$$$$$$$$$$$



R NNs: 
Table 0:
Table 1:
Table 2:
Table 3:
Table 4:
------->  LSH NN :  114
------->  The lsh nearest neighbour for 0001100101100010111010000010111110000101011010001010010001010101 is within distance  : 22
------->  Time taken LSH: 0.078125

------->  Real NN :  436
------->  The real nearest neighbour for 0001100101100010111010000010111110000101011010001010010001010101 is within distance  : 20
------->  Time taken brute force: 0.09375

$$$$$$$$$$$$$$$$$$$$$$$$$$$$$$$$$$$$$  QUERY NUMBER 3 $$$$$$$$$$$$$$$$$$$$$$$$$$$$$$$$$$$$$



R NNs: 
Table 0:
--321
--315
--314
--308
Table 1:
--302
Table 2:
--314
Table 3:
--321
--315
--314
--312
Table 4:
--315
--314
------->  LSH NN :  314
------->  The lsh nearest neighbour for 1100001010010111101101100111010000000100111100011101011000101000 is within distance  : 18
------->  Time taken LSH: 0.078125

------->  Real NN :  314
------->  The real nearest neighbour for 1100001010010111101101100111010000000100111100011101011000101000 is within distance  : 18
------->  Time taken brute force: 0.09375

$$$$$$$$$$$$$$$$$$$$$$$$$$$$$$$$$$$$$  QUERY NUMBER 4 $$$$$$$$$$$$$$$$$$$$$$$$$$$$$$$$$$$$$



R NNs: 
Table 0:
Table 1:
Table 2:
Table 3:
Table 4:
------->  LSH NN :  102
------->  The lsh nearest neighbour for 0001111000100111010001101001011111010110110101110110100011110001 is within distance  : 22
------->  Time taken LSH: 0.078125

------->  Real NN :  102
------->  The real nearest neighbour for 0001111000100111010001101001011111010110110101110110100011110001 is within distance  : 22
------->  Time taken brute force: 0.09375

$$$$$$$$$$$$$$$$$$$$$$$$$$$$$$$$$$$$$  QUERY NUMBER 5 $$$$$$$$$$$$$$$$$$$$$$$$$$$$$$$$$$$$$



R NNs: 
Table 0:
Table 1:
Table 2:
Table 3:
Table 4:
------->  LSH NN :  342
------->  The lsh nearest neighbour for 0000101011011101000100011111011001011100100010110111010101101001 is within distance  : 23
------->  Time taken LSH: 0.078125

------->  Real NN :  342
------->  The real nearest neighbour for 0000101011011101000100011111011001011100100010110111010101101001 is within distance  : 23
------->  Time taken brute force: 0.09375

$$$$$$$$$$$$$$$$$$$$$$$$$$$$$$$$$$$$$  QUERY NUMBER 6 $$$$$$$$$$$$$$$$$$$$$$$$$$$$$$$$$$$$$



R NNs: 
Table 0:
--74
Table 1:
--74
Table 2:
--74
Table 3:
Table 4:
------->  LSH NN :  74
------->  The lsh nearest neighbour for 1101001101110110001010011100101010100111010001101010010000010010 is within distance  : 20
------->  Time taken LSH: 0.078125

------->  Real NN :  74
------->  The real nearest neighbour for 1101001101110110001010011100101010100111010001101010010000010010 is within distance  : 20
------->  Time taken brute force: 0.078125

$$$$$$$$$$$$$$$$$$$$$$$$$$$$$$$$$$$$$  QUERY NUMBER 7 $$$$$$$$$$$$$$$$$$$$$$$$$$$$$$$$$$$$$



R NNs: 
Table 0:
--372
Table 1:
Table 2:
Table 3:
Table 4:
------->  LSH NN :  372
------->  The lsh nearest neighbour for 0100011000101011001111111100110100001110100101001110101001011011 is within distance  : 21
------->  Time taken LSH: 0.078125

------->  Real NN :  372
------->  The real nearest neighbour for 0100011000101011001111111100110100001110100101001110101001011011 is within distance  : 21
------->  Time taken brute force: 0.09375

$$$$$$$$$$$$$$$$$$$$$$$$$$$$$$$$$$$$$  QUERY NUMBER 8 $$$$$$$$$$$$$$$$$$$$$$$$$$$$$$$$$$$$$



R NNs: 
Table 0:
Table 1:
Table 2:
Table 3:
Table 4:
------->  LSH NN :  270
------->  The lsh nearest neighbour for 0100010010110111010111011010101111110111000010101110110001011100 is within distance  : 23
------->  Time taken LSH: 0.078125

------->  Real NN :  270
------->  The real nearest neighbour for 0100010010110111010111011010101111110111000010101110110001011100 is within distance  : 23
------->  Time taken brute force: 0.09375

$$$$$$$$$$$$$$$$$$$$$$$$$$$$$$$$$$$$$  QUERY NUMBER 9 $$$$$$$$$$$$$$$$$$$$$$$$$$$$$$$$$$$$$



R NNs: 
Table 0:
Table 1:
Table 2:
Table 3:
--235
Table 4:
--135
------->  LSH NN :  135
------->  The lsh nearest neighbour for 1011111111111110001101100111111010111001000111011111001000110011 is within distance  : 20
------->  Time taken LSH: 0.078125

------->  Real NN :  135
------->  The real nearest neighbour for 1011111111111110001101100111111010111001000111011111001000110011 is within distance  : 20
------->  Time taken brute force: 0.09375

$$$$$$$$$$$$$$$$$$$$$$$$$$$$$$$$$$$$$  QUERY NUMBER 10 $$$$$$$$$$$$$$$$$$$$$$$$$$$$$$$$$$$$$



R NNs: 
Table 0:
--153
Table 1:
Table 2:
Table 3:
Table 4:
--153
------->  LSH NN :  153
------->  The lsh nearest neighbour for 0000111111000011101110111001010111100011101100001110011111000011 is within distance  : 21
------->  Time taken LSH: 0.078125

------->  Real NN :  99
------->  The real nearest neighbour for 0000111111000011101110111001010111100011101100001110011111000011 is within distance  : 21
------->  Time taken brute force: 0.09375

$$$$$$$$$$$$$$$$$$$$$$$$$$$$$$$$$$$$$  QUERY NUMBER 11 $$$$$$$$$$$$$$$$$$$$$$$$$$$$$$$$$$$$$



R NNs: 
Table 0:
Table 1:
Table 2:
Table 3:
Table 4:
------->  LSH NN :  241
------->  The lsh nearest neighbour for 1001010111000001011000101101110110010101001001101001011101000111 is within distance  : 22
------->  Time taken LSH: 0.078125

------->  Real NN :  241
------->  The real nearest neighbour for 1001010111000001011000101101110110010101001001101001011101000111 is within distance  : 22
------->  Time taken brute force: 0.078125

$$$$$$$$$$$$$$$$$$$$$$$$$$$$$$$$$$$$$  QUERY NUMBER 12 $$$$$$$$$$$$$$$$$$$$$$$$$$$$$$$$$$$$$



R NNs: 
Table 0:
Table 1:
--268
Table 2:
Table 3:
--268
Table 4:
------->  LSH NN :  268
------->  The lsh nearest neighbour for 1101001100110111100010101000111000010101110101001101111011000010 is within distance  : 21
------->  Time taken LSH: 0.078125

------->  Real NN :  268
------->  The real nearest neighbour for 1101001100110111100010101000111000010101110101001101111011000010 is within distance  : 21
------->  Time taken brute force: 0.078125

$$$$$$$$$$$$$$$$$$$$$$$$$$$$$$$$$$$$$  QUERY NUMBER 13 $$$$$$$$$$$$$$$$$$$$$$$$$$$$$$$$$$$$$



R NNs: 
Table 0:
Table 1:
Table 2:
Table 3:
Table 4:
------->  LSH NN :  421
------->  The lsh nearest neighbour for 0110011111111110011110001011000011111000011111110111110111001000 is within distance  : 23
------->  Time taken LSH: 0.078125

------->  Real NN :  199
------->  The real nearest neighbour for 0110011111111110011110001011000011111000011111110111110111001000 is within distance  : 23
------->  Time taken brute force: 0.09375

$$$$$$$$$$$$$$$$$$$$$$$$$$$$$$$$$$$$$  QUERY NUMBER 14 $$$$$$$$$$$$$$$$$$$$$$$$$$$$$$$$$$$$$



R NNs: 
Table 0:
--233
Table 1:
Table 2:
Table 3:
--233
Table 4:
------->  LSH NN :  233
------->  The lsh nearest neighbour for 0111011010101010101111010011111110010111101100101010011010000111 is within distance  : 21
------->  Time taken LSH: 0.078125

------->  Real NN :  233
------->  The real nearest neighbour for 0111011010101010101111010011111110010111101100101010011010000111 is within distance  : 21
------->  Time taken brute force: 0.09375

$$$$$$$$$$$$$$$$$$$$$$$$$$$$$$$$$$$$$  QUERY NUMBER 15 $$$$$$$$$$$$$$$$$$$$$$$$$$$$$$$$$$$$$



R NNs: 
Table 0:
Table 1:
Table 2:
Table 3:
Table 4:
------->  LSH NN :  309
------->  The lsh nearest neighbour for 0100011010110011000011110110011001010111100000100110101110111000 is within distance  : 23
------->  Time taken LSH: 0.078125

------->  Real NN :  322
------->  The real nearest neighbour for 0100011010110011000011110110011001010111100000100110101110111000 is within distance  : 22
------->  Time taken brute force: 0.09375

$$$$$$$$$$$$$$$$$$$$$$$$$$$$$$$$$$$$$  QUERY NUMBER 16 $$$$$$$$$$$$$$$$$$$$$$$$$$$$$$$$$$$$$



R NNs: 
Table 0:
--37
Table 1:
--41
Table 2:
Table 3:
--177
--41
--37
--36
Table 4:
--36
------->  LSH NN :  37
------->  The lsh nearest neighbour for 1011000100100101011110000100100001101101011001111000011101101101 is within distance  : 17
------->  Time taken LSH: 0.078125

------->  Real NN :  37
------->  The real nearest neighbour for 1011000100100101011110000100100001101101011001111000011101101101 is within distance  : 17
------->  Time taken brute force: 0.09375

$$$$$$$$$$$$$$$$$$$$$$$$$$$$$$$$$$$$$  QUERY NUMBER 17 $$$$$$$$$$$$$$$$$$$$$$$$$$$$$$$$$$$$$



R NNs: 
Table 0:
Table 1:
Table 2:
Table 3:
Table 4:
------->  LSH NN :  256
------->  The lsh nearest neighbour for 0001100111000111010001110011110110010000100001100101000001100010 is within distance  : 24
------->  Time taken LSH: 0.078125

------->  Real NN :  1
------->  The real nearest neighbour for 0001100111000111010001110011110110010000100001100101000001100010 is within distance  : 23
------->  Time taken brute force: 0.09375

$$$$$$$$$$$$$$$$$$$$$$$$$$$$$$$$$$$$$  QUERY NUMBER 18 $$$$$$$$$$$$$$$$$$$$$$$$$$$$$$$$$$$$$



R NNs: 
Table 0:
--195
--184
--183
--176
Table 1:
Table 2:
Table 3:
--178
--176
Table 4:
--195
--192
--184
--178
------->  LSH NN :  184
------->  The lsh nearest neighbour for 0011011001000100101101010111101000111011111101110110011100001101 is within distance  : 20
------->  Time taken LSH: 0.078125

------->  Real NN :  184
------->  The real nearest neighbour for 0011011001000100101101010111101000111011111101110110011100001101 is within distance  : 20
------->  Time taken brute force: 0.078125

$$$$$$$$$$$$$$$$$$$$$$$$$$$$$$$$$$$$$  QUERY NUMBER 19 $$$$$$$$$$$$$$$$$$$$$$$$$$$$$$$$$$$$$



R NNs: 
Table 0:
Table 1:
Table 2:
Table 3:
--361
Table 4:
------->  LSH NN :  361
------->  The lsh nearest neighbour for 1100110001111001111001111110010100110110101000101000111100101111 is within distance  : 19
------->  Time taken LSH: 0.078125

------->  Real NN :  361
------->  The real nearest neighbour for 1100110001111001111001111110010100110110101000101000111100101111 is within distance  : 19
------->  Time taken brute force: 0.09375

$$$$$$$$$$$$$$$$$$$$$$$$$$$$$$$$$$$$$  QUERY NUMBER 20 $$$$$$$$$$$$$$$$$$$$$$$$$$$$$$$$$$$$$



R NNs: 
Table 0:
Table 1:
Table 2:
--369
--356
Table 3:
--369
--356
Table 4:
--369
--356
------->  LSH NN :  369
------->  The lsh nearest neighbour for 0000010110110011011000100001010000001010000001001101010000000000 is within distance  : 20
------->  Time taken LSH: 0.078125

------->  Real NN :  369
------->  The real nearest neighbour for 0000010110110011011000100001010000001010000001001101010000000000 is within distance  : 20
------->  Time taken brute force: 0.09375

$$$$$$$$$$$$$$$$$$$$$$$$$$$$$$$$$$$$$  QUERY NUMBER 21 $$$$$$$$$$$$$$$$$$$$$$$$$$$$$$$$$$$$$



R NNs: 
Table 0:
Table 1:
--247
Table 2:
Table 3:
Table 4:
------->  LSH NN :  247
------->  The lsh nearest neighbour for 1000011111110111101111111111011111100011100000110001111110010001 is within distance  : 21
------->  Time taken LSH: 0.078125

------->  Real NN :  247
------->  The real nearest neighbour for 1000011111110111101111111111011111100011100000110001111110010001 is within distance  : 21
------->  Time taken brute force: 0.09375

$$$$$$$$$$$$$$$$$$$$$$$$$$$$$$$$$$$$$  QUERY NUMBER 22 $$$$$$$$$$$$$$$$$$$$$$$$$$$$$$$$$$$$$



R NNs: 
Table 0:
--450
--57
Table 1:
--74
--57
Table 2:
--450
Table 3:
--387
Table 4:
--450
------->  LSH NN :  450
------->  The lsh nearest neighbour for 1110001110110100101110001011010010010101100110100110110000101000 is within distance  : 20
------->  Time taken LSH: 0.078125

------->  Real NN :  450
------->  The real nearest neighbour for 1110001110110100101110001011010010010101100110100110110000101000 is within distance  : 20
------->  Time taken brute force: 0.09375

$$$$$$$$$$$$$$$$$$$$$$$$$$$$$$$$$$$$$  QUERY NUMBER 23 $$$$$$$$$$$$$$$$$$$$$$$$$$$$$$$$$$$$$



R NNs: 
Table 0:
Table 1:
Table 2:
Table 3:
--406
Table 4:
------->  LSH NN :  406
------->  The lsh nearest neighbour for 0010000100111011111100100111110101101111000110001011010001110100 is within distance  : 21
------->  Time taken LSH: 0.078125

------->  Real NN :  406
------->  The real nearest neighbour for 0010000100111011111100100111110101101111000110001011010001110100 is within distance  : 21
------->  Time taken brute force: 0.09375

$$$$$$$$$$$$$$$$$$$$$$$$$$$$$$$$$$$$$  QUERY NUMBER 24 $$$$$$$$$$$$$$$$$$$$$$$$$$$$$$$$$$$$$



R NNs: 
Table 0:
Table 1:
Table 2:
Table 3:
Table 4:
------->  LSH NN :  457
------->  The lsh nearest neighbour for 1100100100010001011001000010111011101110111011101001110111001110 is within distance  : 22
------->  Time taken LSH: 0.078125

------->  Real NN :  464
------->  The real nearest neighbour for 1100100100010001011001000010111011101110111011101001110111001110 is within distance  : 18
------->  Time taken brute force: 0.078125

$$$$$$$$$$$$$$$$$$$$$$$$$$$$$$$$$$$$$  QUERY NUMBER 25 $$$$$$$$$$$$$$$$$$$$$$$$$$$$$$$$$$$$$



R NNs: 
Table 0:
Table 1:
Table 2:
Table 3:
--404
Table 4:
------->  LSH NN :  404
------->  The lsh nearest neighbour for 0000110001011010001011101100010110101111010110100101011111111100 is within distance  : 21
------->  Time taken LSH: 0.078125

------->  Real NN :  404
------->  The real nearest neighbour for 0000110001011010001011101100010110101111010110100101011111111100 is within distance  : 21
------->  Time taken brute force: 0.078125

$$$$$$$$$$$$$$$$$$$$$$$$$$$$$$$$$$$$$  QUERY NUMBER 26 $$$$$$$$$$$$$$$$$$$$$$$$$$$$$$$$$$$$$



R NNs: 
Table 0:
Table 1:
Table 2:
Table 3:
Table 4:
------->  LSH NN :  204
------->  The lsh nearest neighbour for 1110001110010010111100111010011110010101110111100011000011011100 is within distance  : 22
------->  Time taken LSH: 0.078125

------->  Real NN :  204
------->  The real nearest neighbour for 1110001110010010111100111010011110010101110111100011000011011100 is within distance  : 22
------->  Time taken brute force: 0.09375

$$$$$$$$$$$$$$$$$$$$$$$$$$$$$$$$$$$$$  QUERY NUMBER 27 $$$$$$$$$$$$$$$$$$$$$$$$$$$$$$$$$$$$$



R NNs: 
Table 0:
Table 1:
Table 2:
Table 3:
Table 4:
------->  LSH NN :  440
------->  The lsh nearest neighbour for 1011001111101001110101110001101111011100110000111001100100111000 is within distance  : 22
------->  Time taken LSH: 0.078125

------->  Real NN :  440
------->  The real nearest neighbour for 1011001111101001110101110001101111011100110000111001100100111000 is within distance  : 22
------->  Time taken brute force: 0.09375

$$$$$$$$$$$$$$$$$$$$$$$$$$$$$$$$$$$$$  QUERY NUMBER 28 $$$$$$$$$$$$$$$$$$$$$$$$$$$$$$$$$$$$$



R NNs: 
Table 0:
Table 1:
Table 2:
Table 3:
Table 4:
------->  LSH NN :  186
------->  The lsh nearest neighbour for 1110010110110100101000100001101010100111010000010011001011000101 is within distance  : 23
------->  Time taken LSH: 0.078125

------->  Real NN :  41
------->  The real nearest neighbour for 1110010110110100101000100001101010100111010000010011001011000101 is within distance  : 22
------->  Time taken brute force: 0.09375

$$$$$$$$$$$$$$$$$$$$$$$$$$$$$$$$$$$$$  QUERY NUMBER 29 $$$$$$$$$$$$$$$$$$$$$$$$$$$$$$$$$$$$$



R NNs: 
Table 0:
Table 1:
Table 2:
Table 3:
--115
Table 4:
------->  LSH NN :  115
------->  The lsh nearest neighbour for 0110111101101011000000011011001010001111011110010111110000000101 is within distance  : 21
------->  Time taken LSH: 0.078125

------->  Real NN :  115
------->  The real nearest neighbour for 0110111101101011000000011011001010001111011110010111110000000101 is within distance  : 21
------->  Time taken brute force: 0.09375

$$$$$$$$$$$$$$$$$$$$$$$$$$$$$$$$$$$$$  QUERY NUMBER 30 $$$$$$$$$$$$$$$$$$$$$$$$$$$$$$$$$$$$$



R NNs: 
Table 0:
Table 1:
Table 2:
Table 3:
--166
Table 4:
------->  LSH NN :  166
------->  The lsh nearest neighbour for 1001110100010001110010110110010110001110111110011010101110011010 is within distance  : 21
------->  Time taken LSH: 0.078125

------->  Real NN :  114
------->  The real nearest neighbour for 1001110100010001110010110110010110001110111110011010101110011010 is within distance  : 19
------->  Time taken brute force: 0.09375

$$$$$$$$$$$$$$$$$$$$$$$$$$$$$$$$$$$$$  QUERY NUMBER 31 $$$$$$$$$$$$$$$$$$$$$$$$$$$$$$$$$$$$$



R NNs: 
Table 0:
Table 1:
Table 2:
Table 3:
--166
Table 4:
------->  LSH NN :  166
------->  The lsh nearest neighbour for 1001110100010001110010110110010110001110111110011010101110011010 is within distance  : 21
------->  Time taken LSH: 0.078125

------->  Real NN :  114
------->  The real nearest neighbour for 1001110100010001110010110110010110001110111110011010101110011010 is within distance  : 19
------->  Time taken brute force: 0.078125

