------->  LSH NN :  1011111100010011110110010110010000100101010110010111110010100001
------->  The lsh nearest neighbour for 1110101110010110100100010110000010010101000011011101100010010011 is within distance  : 21
------->  Time taken LSH: 1.40625e-07

------->  Real NN :  
------->  The real nearest neighbour for 1110101110010110100100010110000010010101000011011101100010010011 is within distance  : 9999
------->  Time taken brute force: 0.015625

------->  IN RADIUS : 1011111110000010111110000010111100010101101010000000100100000001
------->  LSH NN :  1011111110000010111110000010111100010101101010000000100100000001
------->  The lsh nearest neighbour for 0001100101100010111010000010111110000101011010001010010001010101 is within distance  : 20
------->  Time taken LSH: 1.40625e-07

------->  Real NN :  1011111110000010111110000010111100010101101010000000100100000001
------->  The real nearest neighbour for 0001100101100010111010000010111110000101011010001010010001010101 is within distance  : 20
------->  Time taken brute force: 0.015625

------->  IN RADIUS : 1110000010001111101110110000000001110100111101110100011001111000
------->  IN RADIUS : 1100010010001111001110110101000001010101111001111101011001111000
------->  LSH NN :  1100010010001111001110110101000001010101111001111101011001111000
------->  The lsh nearest neighbour for 1100001010010111101101100111010000000100111100011101011000101000 is within distance  : 18
------->  Time taken LSH: 1.40625e-07

------->  Real NN :  1100010010001111001110110101000001010101111001111101011001111000
------->  The real nearest neighbour for 1100001010010111101101100111010000000100111100011101011000101000 is within distance  : 18
------->  Time taken brute force: 0

------->  LSH NN :  0011111100000101110010110000010010010100011100010110111111100001
------->  The lsh nearest neighbour for 0001111000100111010001101001011111010110110101110110100011110001 is within distance  : 22
------->  Time taken LSH: 1.40625e-07

------->  Real NN :  
------->  The real nearest neighbour for 0001111000100111010001101001011111010110110101110110100011110001 is within distance  : 9999
------->  Time taken brute force: 0.015625

------->  LSH NN :  0111101101101101010110011000101001001110101110110111011000111011
------->  The lsh nearest neighbour for 0000101011011101000100011111011001011100100010110111010101101001 is within distance  : 23
------->  Time taken LSH: 1.40625e-07

------->  Real NN :  
------->  The real nearest neighbour for 0000101011011101000100011111011001011100100010110111010101101001 is within distance  : 9999
------->  Time taken brute force: 0.015625

------->  IN RADIUS : 1100000110111000010110001111101010000001110011101110010000110010
------->  LSH NN :  1100000110111000010110001111101010000001110011101110010000110010
------->  The lsh nearest neighbour for 1101001101110110001010011100101010100111010001101010010000010010 is within distance  : 20
------->  Time taken LSH: 1.40625e-07

------->  Real NN :  1100000110111000010110001111101010000001110011101110010000110010
------->  The real nearest neighbour for 1101001101110110001010011100101010100111010001101010010000010010 is within distance  : 20
------->  Time taken brute force: 0.015625

------->  LSH NN :  0000100010111011011011100101011100100110101101101110011011001011
------->  The lsh nearest neighbour for 0100011000101011001111111100110100001110100101001110101001011011 is within distance  : 21
------->  Time taken LSH: 1.40625e-07

------->  Real NN :  
------->  The real nearest neighbour for 0100011000101011001111111100110100001110100101001110101001011011 is within distance  : 9999
------->  Time taken brute force: 0.015625

------->  LSH NN :  0001000010111111010000101000101011010011101010001001010001111001
------->  The lsh nearest neighbour for 0100010010110111010111011010101111110111000010101110110001011100 is within distance  : 23
------->  Time taken LSH: 1.40625e-07

------->  Real NN :  
------->  The real nearest neighbour for 0100010010110111010111011010101111110111000010101110110001011100 is within distance  : 9999
------->  Time taken brute force: 0

------->  IN RADIUS : 1110001100000000011101100110111010010001000001011110101000110111
------->  LSH NN :  0111001100000100011101100110110111111011000001111110001010110111
------->  The lsh nearest neighbour for 1011111111111110001101100111111010111001000111011111001000110011 is within distance  : 22
------->  Time taken LSH: 1.40625e-07

------->  Real NN :  1110001100000000011101100110111010010001000001011110101000110111
------->  The real nearest neighbour for 1011111111111110001101100111111010111001000111011111001000110011 is within distance  : 20
------->  Time taken brute force: 0

------->  LSH NN :  0110110101000001000100001010000010101010101100001111001111011011
------->  The lsh nearest neighbour for 0000111111000011101110111001010111100011101100001110011111000011 is within distance  : 21
------->  Time taken LSH: 1.40625e-07

------->  Real NN :  
------->  The real nearest neighbour for 0000111111000011101110111001010111100011101100001110011111000011 is within distance  : 9999
------->  Time taken brute force: 0.015625

------->  LSH NN :  0011010000010110001001001011011100110101111001101001011001010111
------->  The lsh nearest neighbour for 1001010111000001011000101101110110010101001001101001011101000111 is within distance  : 22
------->  Time taken LSH: 1.40625e-07

------->  Real NN :  
------->  The real nearest neighbour for 1001010111000001011000101101110110010101001001101001011101000111 is within distance  : 9999
------->  Time taken brute force: 0.03125

------->  LSH NN :  0111010000111111100000101010001011010011101101000101011001010000
------->  The lsh nearest neighbour for 1101001100110111100010101000111000010101110101001101111011000010 is within distance  : 21
------->  Time taken LSH: 1.40625e-07

------->  Real NN :  
------->  The real nearest neighbour for 1101001100110111100010101000111000010101110101001101111011000010 is within distance  : 9999
------->  Time taken brute force: 0

------->  LSH NN :  0110001011111111101001111011010111111111010110111110010100101000
------->  The lsh nearest neighbour for 0110011111111110011110001011000011111000011111110111110111001000 is within distance  : 23
------->  Time taken LSH: 1.40625e-07

------->  Real NN :  
------->  The real nearest neighbour for 0110011111111110011110001011000011111000011111110111110111001000 is within distance  : 9999
------->  Time taken brute force: 0.015625

------->  LSH NN :  0011001010110100111111011011011101110101100001001011011001010111
------->  The lsh nearest neighbour for 0111011010101010101111010011111110010111101100101010011010000111 is within distance  : 21
------->  Time taken LSH: 1.40625e-07

------->  Real NN :  
------->  The real nearest neighbour for 0111011010101010101111010011111110010111101100101010011010000111 is within distance  : 9999
------->  Time taken brute force: 0.015625

------->  LSH NN :  1110110010001011101111110101000000010101110001110100111011111000
------->  The lsh nearest neighbour for 0100011010110011000011110110011001010111100000100110101110111000 is within distance  : 23
------->  Time taken LSH: 1.40625e-07

------->  Real NN :  
------->  The real nearest neighbour for 0100011010110011000011110110011001010111100000100110101110111000 is within distance  : 9999
------->  Time taken brute force: 0.015625

------->  IN RADIUS : 1001000100110101111100010100100001111110011011011011110011100101
------->  LSH NN :  1001000100110101111100010100100001111110011011011011110011100101
------->  The lsh nearest neighbour for 1011000100100101011110000100100001101101011001111000011101101101 is within distance  : 17
------->  Time taken LSH: 1.40625e-07

------->  Real NN :  1001000100110101111100010100100001111110011011011011110011100101
------->  The real nearest neighbour for 1011000100100101011110000100100001101101011001111000011101101101 is within distance  : 17
------->  Time taken brute force: 0.015625

------->  LSH NN :  1011010110000010111100110010111101010100101011100000110000100011
------->  The lsh nearest neighbour for 0001100111000111010001110011110110010000100001100101000001100010 is within distance  : 24
------->  Time taken LSH: 1.40625e-07

------->  Real NN :  
------->  The real nearest neighbour for 0001100111000111010001110011110110010000100001100101000001100010 is within distance  : 9999
------->  Time taken brute force: 0.015625

------->  IN RADIUS : 0101011111100100110110100111101000110110001101110110011111101100
------->  LSH NN :  0101011111100100110110100111101000110110001101110110011111101100
------->  The lsh nearest neighbour for 0011011001000100101101010111101000111011111101110110011100001101 is within distance  : 20
------->  Time taken LSH: 1.40625e-07

------->  Real NN :  0101011111100100110110100111101000110110001101110110011111101100
------->  The real nearest neighbour for 0011011001000100101101010111101000111011111101110110011100001101 is within distance  : 20
------->  Time taken brute force: 0.015625

------->  IN RADIUS : 0000100010111011011000100100011100100110101000111010111111101010
------->  LSH NN :  0000100010111011011000100100011100100110101000111010111111101010
------->  The lsh nearest neighbour for 1100110001111001111001111110010100110110101000101000111100101111 is within distance  : 19
------->  Time taken LSH: 1.40625e-07

------->  Real NN :  0000100010111011011000100100011100100110101000111010111111101010
------->  The real nearest neighbour for 1100110001111001111001111110010100110110101000101000111100101111 is within distance  : 19
------->  Time taken brute force: 0

------->  IN RADIUS : 0000100110111010111000100101011100100110101001101100111011001000
------->  LSH NN :  0000100110111010111000100101011100100110101001101100111011001000
------->  The lsh nearest neighbour for 0000010110110011011000100001010000001010000001001101010000000000 is within distance  : 20
------->  Time taken LSH: 1.40625e-07

------->  Real NN :  0000100110111010111000100101011100100110101001101100111011001000
------->  The real nearest neighbour for 0000010110110011011000100001010000001010000001001101010000000000 is within distance  : 20
------->  Time taken brute force: 0.015625

------->  LSH NN :  0011001110110100001101101101001101110101100001100001011000010001
------->  The lsh nearest neighbour for 1000011111110111101111111111011111100011100000110001111110010001 is within distance  : 21
------->  Time taken LSH: 1.40625e-07

------->  Real NN :  
------->  The real nearest neighbour for 1000011111110111101111111111011111100011100000110001111110010001 is within distance  : 9999
------->  Time taken brute force: 0.015625

------->  IN RADIUS : 1111011110000000101110101010111111011100101010100000100000100001
------->  LSH NN :  1111011110000000101110101010111111011100101010100000100000100001
------->  The lsh nearest neighbour for 1110001110110100101110001011010010010101100110100110110000101000 is within distance  : 20
------->  Time taken LSH: 1.40625e-07

------->  Real NN :  1111011110000000101110101010111111011100101010100000100000100001
------->  The real nearest neighbour for 1110001110110100101110001011010010010101100110100110110000101000 is within distance  : 20
------->  Time taken brute force: 0.015625

------->  LSH NN :  0110001111011111111001111001010101101111000110011110010010101000
------->  The lsh nearest neighbour for 0010000100111011111100100111110101101111000110001011010001110100 is within distance  : 21
------->  Time taken LSH: 1.40625e-07

------->  Real NN :  
------->  The real nearest neighbour for 0010000100111011111100100111110101101111000110001011010001110100 is within distance  : 9999
------->  Time taken brute force: 0.015625

------->  IN RADIUS : 1000100100100011110101001011010011101111110011101001100100001011
------->  LSH NN :  1000100100100011110101001011010011101111110011101001100100001011
------->  The lsh nearest neighbour for 1100100100010001011001000010111011101110111011101001110111001110 is within distance  : 18
------->  Time taken LSH: 1.40625e-07

------->  Real NN :  1000100100100011110101001011010011101111110011101001100100001011
------->  The real nearest neighbour for 1100100100010001011001000010111011101110111011101001110111001110 is within distance  : 18
------->  Time taken brute force: 0

------->  LSH NN :  0110000001101110101001111001010110101111010010011110010110001001
------->  The lsh nearest neighbour for 0000110001011010001011101100010110101111010110100101011111111100 is within distance  : 24
------->  Time taken LSH: 1.40625e-07

------->  Real NN :  
------->  The real nearest neighbour for 0000110001011010001011101100010110101111010110100101011111111100 is within distance  : 9999
------->  Time taken brute force: 0.015625

------->  LSH NN :  1001001000010100101111111110111110010011011100111011001011111100
------->  The lsh nearest neighbour for 1110001110010010111100111010011110010101110111100011000011011100 is within distance  : 22
------->  Time taken LSH: 1.40625e-07

------->  Real NN :  
------->  The real nearest neighbour for 1110001110010010111100111010011110010101110111100011000011011100 is within distance  : 9999
------->  Time taken brute force: 0.015625

------->  LSH NN :  1011011110000000111110100010111111001100111010010010100000101001
------->  The lsh nearest neighbour for 1011001111101001110101110001101111011100110000111001100100111000 is within distance  : 22
------->  Time taken LSH: 1.40625e-07

------->  Real NN :  
------->  The real nearest neighbour for 1011001111101001110101110001101111011100110000111001100100111000 is within distance  : 9999
------->  Time taken brute force: 0.015625

------->  LSH NN :  0101010111100100100110100101111000110110011100110100111111100101
------->  The lsh nearest neighbour for 1110010110110100101000100001101010100111010000010011001011000101 is within distance  : 23
------->  Time taken LSH: 1.40625e-07

------->  Real NN :  
------->  The real nearest neighbour for 1110010110110100101000100001101010100111010000010011001011000101 is within distance  : 9999
------->  Time taken brute force: 0.015625

------->  LSH NN :  0110111010001101100000110011010101001101011110111010011110000101
------->  The lsh nearest neighbour for 0110111101101011000000011011001010001111011110010111110000000101 is within distance  : 23
------->  Time taken LSH: 1.40625e-07

------->  Real NN :  
------->  The real nearest neighbour for 0110111101101011000000011011001010001111011110010111110000000101 is within distance  : 9999
------->  Time taken brute force: 0.015625

------->  IN RADIUS : 0011111100010001010110010000010010000101011100010010110110110011
------->  IN RADIUS : 0001110100010000110100010000010010000101011110010010110110110001
------->  LSH NN :  0001110100010000110100010000010010000101011110010010110110110001
------->  The lsh nearest neighbour for 1001110100010001110010110110010110001110111110011010101110011010 is within distance  : 19
------->  Time taken LSH: 1.40625e-07

------->  Real NN :  0001110100010000110100010000010010000101011110010010110110110001
------->  The real nearest neighbour for 1001110100010001110010110110010110001110111110011010101110011010 is within distance  : 19
------->  Time taken brute force: 0

------->  IN RADIUS : 0011111100010001010110010000010010000101011100010010110110110011
------->  IN RADIUS : 0001110100010000110100010000010010000101011110010010110110110001
------->  LSH NN :  0001110100010000110100010000010010000101011110010010110110110001
------->  The lsh nearest neighbour for 1001110100010001110010110110010110001110111110011010101110011010 is within distance  : 19
------->  Time taken LSH: 1.40625e-07

------->  Real NN :  0001110100010000110100010000010010000101011110010010110110110001
------->  The real nearest neighbour for 1001110100010001110010110110010110001110111110011010101110011010 is within distance  : 19
------->  Time taken brute force: 0.015625

